11:42:14 Application started
11:42:19 OnTaskDeparture: 33
11:42:19 Server responded: 33
11:42:19 Login success
11:42:19 Requesting role list
11:42:19 Requesting user list
11:42:19 OnTaskDeparture: 39
11:42:19 Server responded: 39
11:42:19 Server responded: 39
11:42:19 Server responded: 39
11:42:19 Server responded: 39
11:42:19 Server responded: 39
11:42:19 Server responded: 39
11:42:19 Server responded: 39
11:42:19 Server responded: 39
11:42:19 Server responded: 39
11:42:19 OnTaskDeparture: 35
11:42:19 Server responded: 35
11:42:19 Server responded: 35
11:42:19 Server responded: 35
11:42:19 Server responded: 35
11:42:19 Server responded: 35
11:42:19 Server responded: 35
11:42:19 Server responded: 35
11:42:19 Server responded: 35
11:42:19 Server responded: 35
11:42:19 Server responded: 35
11:42:19 Server responded: 35
11:42:19 Server responded: 35
11:42:19 Server responded: 35
11:42:19 OnTaskDeparture: 67
11:42:19 Server responded: 67
11:42:20 OnTaskDeparture: 42
11:42:20 Server responded: 42
11:42:20 Server responded: 42
11:42:20 Server responded: 42
11:42:20 Server responded: 42
11:42:20 Server responded: 42
11:42:20 Server responded: 42
11:42:20 Server responded: 42
11:42:20 Server responded: 42
11:42:20 Server responded: 42
11:42:25 OnTaskDeparture: 32
11:42:25 Server responded: 32
11:42:26 OnTaskDeparture: 42
11:42:26 Server responded: 42
11:42:26 Server responded: 42
11:42:26 Server responded: 42
11:42:26 Server responded: 42
11:42:26 Server responded: 42
11:42:30 OnTaskDeparture: 32
11:42:30 Server responded: 32
11:42:35 OnTaskDeparture: 32
11:42:35 Server responded: 32
11:42:40 OnTaskDeparture: 32
11:42:40 Server responded: 32
11:42:45 OnTaskDeparture: 32
11:42:45 Server responded: 32
11:42:50 OnTaskDeparture: 32
11:42:50 Server responded: 32
11:42:55 OnTaskDeparture: 32
11:42:55 Server responded: 32
11:43:00 OnTaskDeparture: 32
11:43:00 Server responded: 32
11:43:05 OnTaskDeparture: 32
11:43:05 Server responded: 32
11:43:10 OnTaskDeparture: 32
11:43:10 Server responded: 32
11:43:13 OnTaskDeparture: 43
11:43:13 Server responded: 43
11:43:15 OnTaskDeparture: 42
11:43:15 Server responded: 42
11:43:15 OnTaskDeparture: 47
11:43:15 Server responded: 47
11:43:15 OnTaskDeparture: 32
11:43:15 Server responded: 32
11:43:20 OnTaskDeparture: 32
11:43:20 Server responded: 32
11:43:25 OnTaskDeparture: 32
11:43:25 Server responded: 32
11:43:30 OnTaskDeparture: 32
11:43:30 Server responded: 32
11:43:31 OnTaskDeparture: 72
11:43:31 Server responded: 72
11:44:03 OnTaskDeparture: 76
11:44:03 Server responded: 76
11:44:03 OnTaskDeparture: 64
11:44:03 Server responded: 64
11:44:05 OnTaskDeparture: 32
11:44:05 Server responded: 32
11:44:06 OnTaskDeparture: 42
11:44:06 Server responded: 42
11:44:06 Server responded: 42
11:44:06 Server responded: 42
11:44:06 OnTaskDeparture: 47
11:44:06 Server responded: 47
11:44:08 OnTaskDeparture: 42
11:44:08 Server responded: 42
11:44:08 Server responded: 42
11:44:08 OnTaskDeparture: 47
11:44:08 Server responded: 47
11:44:10 OnTaskDeparture: 42
11:44:10 Server responded: 42
11:44:10 OnTaskDeparture: 47
11:44:10 Server responded: 47
11:44:10 OnTaskDeparture: 32
11:44:10 Server responded: 32
11:44:10 OnTaskDeparture: 42
11:44:10 Server responded: 42
11:44:10 Server responded: 42
11:44:10 Server responded: 42
11:44:10 Server responded: 42
11:44:10 Server responded: 42
11:44:10 Server responded: 42
11:44:10 OnTaskDeparture: 47
11:44:11 Server responded: 47
11:44:15 OnTaskDeparture: 32
11:44:15 Server responded: 32
11:44:17 OnTaskDeparture: 42
11:44:17 Server responded: 42
11:44:17 Server responded: 42
11:44:17 OnTaskDeparture: 47
11:44:17 Server responded: 47
11:44:17 Server responded: 47
11:44:20 OnTaskDeparture: 32
11:44:20 Server responded: 32
11:44:20 OnTaskDeparture: 42
11:44:20 Server responded: 42
11:44:20 Server responded: 42
11:44:20 OnTaskDeparture: 47
11:44:21 Server responded: 47
11:44:21 OnTaskDeparture: 42
11:44:21 Server responded: 42
11:44:21 OnTaskDeparture: 47
11:44:21 Server responded: 47
11:44:22 OnTaskDeparture: 42
11:44:22 Server responded: 42
11:44:22 OnTaskDeparture: 47
11:44:22 Server responded: 47
11:44:23 OnTaskDeparture: 42
11:44:23 Server responded: 42
11:44:23 OnTaskDeparture: 47
11:44:23 Server responded: 47
11:44:25 OnTaskDeparture: 32
11:44:25 Server responded: 32
11:44:26 OnTaskDeparture: 45
11:44:26 Server responded: 45
11:44:30 OnTaskDeparture: 32
11:44:30 Server responded: 32
11:44:33 OnTaskDeparture: 45
11:44:33 Server responded: 45
11:44:35 OnTaskDeparture: 32
11:44:35 Server responded: 32
11:44:36 OnTaskDeparture: 45
11:44:36 Server responded: 45
11:44:39 OnTaskDeparture: 45
11:44:39 Server responded: 45
11:44:40 OnTaskDeparture: 32
11:44:40 Server responded: 32
11:44:41 OnTaskDeparture: 42
11:44:41 Server responded: 42
11:44:41 OnTaskDeparture: 47
11:44:42 Server responded: 47
11:44:43 OnTaskDeparture: 42
11:44:43 Server responded: 42
11:44:43 OnTaskDeparture: 47
11:44:43 Server responded: 47
11:44:45 OnTaskDeparture: 32
11:44:45 Server responded: 32
11:44:45 OnTaskDeparture: 45
11:44:45 Server responded: 45
11:44:48 OnTaskDeparture: 45
11:44:48 Server responded: 45
11:44:48 OnTaskDeparture: 52
11:44:48 Server responded: 52
11:44:48 Server responded: 52
11:44:50 OnTaskDeparture: 32
11:44:50 Server responded: 32
11:44:55 OnTaskDeparture: 32
11:44:55 Server responded: 32
11:45:00 OnTaskDeparture: 32
11:45:00 Server responded: 32
11:45:05 OnTaskDeparture: 32
11:45:05 Server responded: 32
11:45:10 OnTaskDeparture: 32
11:45:10 Server responded: 32
11:45:15 OnTaskDeparture: 83
11:45:15 Server responded: 83
11:45:15 OnTaskDeparture: 32
11:45:15 Server responded: 32
11:45:20 OnTaskDeparture: 32
11:45:20 Server responded: 32
11:45:25 OnTaskDeparture: 32
11:45:25 Server responded: 32
11:45:30 OnTaskDeparture: 32
11:45:30 Server responded: 32
11:45:35 OnTaskDeparture: 32
11:45:35 Server responded: 32
11:45:40 OnTaskDeparture: 32
11:45:40 Server responded: 32
11:45:45 OnTaskDeparture: 32
11:45:45 Server responded: 32
11:45:50 OnTaskDeparture: 32
11:45:50 Server responded: 32
11:45:55 OnTaskDeparture: 32
11:45:55 Server responded: 32
11:46:00 OnTaskDeparture: 32
11:46:00 Server responded: 32
11:46:04 OnTaskDeparture: 48
11:46:04 Server responded: 48
11:46:04 OnTaskDeparture: 52
11:46:04 Server responded: 52
11:46:04 OnTaskDeparture: 58
11:46:04 Server responded: 58
11:46:05 OnTaskDeparture: 32
11:46:05 Server responded: 32
11:46:06 OnTaskDeparture: 60
11:46:06 Server responded: 60
11:46:21 Server responded: 52
11:46:23 OnTaskDeparture: 65
11:46:23 Server responded: 65
11:46:25 OnTaskDeparture: 32
11:46:25 Server responded: 32
11:46:30 OnTaskDeparture: 32
11:46:30 Server responded: 32
11:46:33 OnTaskDeparture: 55
11:46:34 Server responded: 55
11:46:35 OnTaskDeparture: 32
11:46:35 Server responded: 32
11:46:38 OnTaskDeparture: 49
11:46:38 Server responded: 49
11:46:40 OnTaskDeparture: 32
11:46:40 Server responded: 32
11:46:45 OnTaskDeparture: 32
11:46:45 Server responded: 32
11:46:50 OnTaskDeparture: 32
11:46:50 Server responded: 32
11:46:54 Session closed
11:46:54 Application stopped
